<?xml version="1.0" encoding="UTF-8"?>
<!-- Generated by org.testng.reporters.JUnitReportReporter -->
<testsuite hostname="Parithi-PC" name="gitTest.GitTest" tests="1" failures="0" timestamp="4 Sep 2019 07:49:14 GMT" time="56.769" errors="0">
  <testcase name="loginTest" time="56.769" classname="gitTest.GitTest"/>
</testsuite> <!-- gitTest.GitTest -->
